This is pdfTeX, Version 3.14159265-2.6-1.40.17 (TeX Live 2016) (preloaded format=pdflatex 2016.5.22)  3 OCT 2016 16:59
entering extended mode
 \write18 enabled.
 file:line:error style messages enabled.
 %&-line parsing enabled.
**index.tex
(./index.tex
LaTeX2e <2016/03/31>
Babel <3.9r> and hyphenation patterns for 83 language(s) loaded.
(./ufsctex/ufsctex.cls (/usr/local/texlive/2016/texmf-dist/tex/latex/base/inputenc.sty
Package: inputenc 2015/03/17 v1.2c Input encoding file
\inpenc@prehook=\toks14
\inpenc@posthook=\toks15
 (/usr/local/texlive/2016/texmf-dist/tex/latex/base/utf8.def
File: utf8.def 2016/02/28 v1.1s UTF-8 support for inputenc
Now handling font encoding OML ...
... no UTF-8 mapping file for font encoding OML
Now handling font encoding T1 ...
... processing UTF-8 mapping file for font encoding T1
 (/usr/local/texlive/2016/texmf-dist/tex/latex/base/t1enc.dfu
File: t1enc.dfu 2016/02/28 v1.1s UTF-8 support for inputenc
   defining Unicode char U+00A0 (decimal 160)
   defining Unicode char U+00A1 (decimal 161)
   defining Unicode char U+00A3 (decimal 163)
   defining Unicode char U+00AB (decimal 171)
   defining Unicode char U+00AD (decimal 173)
   defining Unicode char U+00BB (decimal 187)
   defining Unicode char U+00BF (decimal 191)
   defining Unicode char U+00C0 (decimal 192)
   defining Unicode char U+00C1 (decimal 193)
   defining Unicode char U+00C2 (decimal 194)
   defining Unicode char U+00C3 (decimal 195)
   defining Unicode char U+00C4 (decimal 196)
   defining Unicode char U+00C5 (decimal 197)
   defining Unicode char U+00C6 (decimal 198)
   defining Unicode char U+00C7 (decimal 199)
   defining Unicode char U+00C8 (decimal 200)
   defining Unicode char U+00C9 (decimal 201)
   defining Unicode char U+00CA (decimal 202)
   defining Unicode char U+00CB (decimal 203)
   defining Unicode char U+00CC (decimal 204)
   defining Unicode char U+00CD (decimal 205)
   defining Unicode char U+00CE (decimal 206)
   defining Unicode char U+00CF (decimal 207)
   defining Unicode char U+00D0 (decimal 208)
   defining Unicode char U+00D1 (decimal 209)
   defining Unicode char U+00D2 (decimal 210)
   defining Unicode char U+00D3 (decimal 211)
   defining Unicode char U+00D4 (decimal 212)
   defining Unicode char U+00D5 (decimal 213)
   defining Unicode char U+00D6 (decimal 214)
   defining Unicode char U+00D8 (decimal 216)
   defining Unicode char U+00D9 (decimal 217)
   defining Unicode char U+00DA (decimal 218)
   defining Unicode char U+00DB (decimal 219)
   defining Unicode char U+00DC (decimal 220)
   defining Unicode char U+00DD (decimal 221)
   defining Unicode char U+00DE (decimal 222)
   defining Unicode char U+00DF (decimal 223)
   defining Unicode char U+00E0 (decimal 224)
   defining Unicode char U+00E1 (decimal 225)
   defining Unicode char U+00E2 (decimal 226)
   defining Unicode char U+00E3 (decimal 227)
   defining Unicode char U+00E4 (decimal 228)
   defining Unicode char U+00E5 (decimal 229)
   defining Unicode char U+00E6 (decimal 230)
   defining Unicode char U+00E7 (decimal 231)
   defining Unicode char U+00E8 (decimal 232)
   defining Unicode char U+00E9 (decimal 233)
   defining Unicode char U+00EA (decimal 234)
   defining Unicode char U+00EB (decimal 235)
   defining Unicode char U+00EC (decimal 236)
   defining Unicode char U+00ED (decimal 237)
   defining Unicode char U+00EE (decimal 238)
   defining Unicode char U+00EF (decimal 239)
   defining Unicode char U+00F0 (decimal 240)
   defining Unicode char U+00F1 (decimal 241)
   defining Unicode char U+00F2 (decimal 242)
   defining Unicode char U+00F3 (decimal 243)
   defining Unicode char U+00F4 (decimal 244)
   defining Unicode char U+00F5 (decimal 245)
   defining Unicode char U+00F6 (decimal 246)
   defining Unicode char U+00F8 (decimal 248)
   defining Unicode char U+00F9 (decimal 249)
   defining Unicode char U+00FA (decimal 250)
   defining Unicode char U+00FB (decimal 251)
   defining Unicode char U+00FC (decimal 252)
   defining Unicode char U+00FD (decimal 253)
   defining Unicode char U+00FE (decimal 254)
   defining Unicode char U+00FF (decimal 255)
   defining Unicode char U+0100 (decimal 256)
   defining Unicode char U+0101 (decimal 257)
   defining Unicode char U+0102 (decimal 258)
   defining Unicode char U+0103 (decimal 259)
   defining Unicode char U+0104 (decimal 260)
   defining Unicode char U+0105 (decimal 261)
   defining Unicode char U+0106 (decimal 262)
   defining Unicode char U+0107 (decimal 263)
   defining Unicode char U+0108 (decimal 264)
   defining Unicode char U+0109 (decimal 265)
   defining Unicode char U+010A (decimal 266)
   defining Unicode char U+010B (decimal 267)
   defining Unicode char U+010C (decimal 268)
   defining Unicode char U+010D (decimal 269)
   defining Unicode char U+010E (decimal 270)
   defining Unicode char U+010F (decimal 271)
   defining Unicode char U+0110 (decimal 272)
   defining Unicode char U+0111 (decimal 273)
   defining Unicode char U+0112 (decimal 274)
   defining Unicode char U+0113 (decimal 275)
   defining Unicode char U+0114 (decimal 276)
   defining Unicode char U+0115 (decimal 277)
   defining Unicode char U+0116 (decimal 278)
   defining Unicode char U+0117 (decimal 279)
   defining Unicode char U+0118 (decimal 280)
   defining Unicode char U+0119 (decimal 281)
   defining Unicode char U+011A (decimal 282)
   defining Unicode char U+011B (decimal 283)
   defining Unicode char U+011C (decimal 284)
   defining Unicode char U+011D (decimal 285)
   defining Unicode char U+011E (decimal 286)
   defining Unicode char U+011F (decimal 287)
   defining Unicode char U+0120 (decimal 288)
   defining Unicode char U+0121 (decimal 289)
   defining Unicode char U+0122 (decimal 290)
   defining Unicode char U+0123 (decimal 291)
   defining Unicode char U+0124 (decimal 292)
   defining Unicode char U+0125 (decimal 293)
   defining Unicode char U+0128 (decimal 296)
   defining Unicode char U+0129 (decimal 297)
   defining Unicode char U+012A (decimal 298)
   defining Unicode char U+012B (decimal 299)
   defining Unicode char U+012C (decimal 300)
   defining Unicode char U+012D (decimal 301)
   defining Unicode char U+012E (decimal 302)
   defining Unicode char U+012F (decimal 303)
   defining Unicode char U+0130 (decimal 304)
   defining Unicode char U+0131 (decimal 305)
   defining Unicode char U+0132 (decimal 306)
   defining Unicode char U+0133 (decimal 307)
   defining Unicode char U+0134 (decimal 308)
   defining Unicode char U+0135 (decimal 309)
   defining Unicode char U+0136 (decimal 310)
   defining Unicode char U+0137 (decimal 311)
   defining Unicode char U+0139 (decimal 313)
   defining Unicode char U+013A (decimal 314)
   defining Unicode char U+013B (decimal 315)
   defining Unicode char U+013C (decimal 316)
   defining Unicode char U+013D (decimal 317)
   defining Unicode char U+013E (decimal 318)
   defining Unicode char U+0141 (decimal 321)
   defining Unicode char U+0142 (decimal 322)
   defining Unicode char U+0143 (decimal 323)
   defining Unicode char U+0144 (decimal 324)
   defining Unicode char U+0145 (decimal 325)
   defining Unicode char U+0146 (decimal 326)
   defining Unicode char U+0147 (decimal 327)
   defining Unicode char U+0148 (decimal 328)
   defining Unicode char U+014A (decimal 330)
   defining Unicode char U+014B (decimal 331)
   defining Unicode char U+014C (decimal 332)
   defining Unicode char U+014D (decimal 333)
   defining Unicode char U+014E (decimal 334)
   defining Unicode char U+014F (decimal 335)
   defining Unicode char U+0150 (decimal 336)
   defining Unicode char U+0151 (decimal 337)
   defining Unicode char U+0152 (decimal 338)
   defining Unicode char U+0153 (decimal 339)
   defining Unicode char U+0154 (decimal 340)
   defining Unicode char U+0155 (decimal 341)
   defining Unicode char U+0156 (decimal 342)
   defining Unicode char U+0157 (decimal 343)
   defining Unicode char U+0158 (decimal 344)
   defining Unicode char U+0159 (decimal 345)
   defining Unicode char U+015A (decimal 346)
   defining Unicode char U+015B (decimal 347)
   defining Unicode char U+015C (decimal 348)
   defining Unicode char U+015D (decimal 349)
   defining Unicode char U+015E (decimal 350)
   defining Unicode char U+015F (decimal 351)
   defining Unicode char U+0160 (decimal 352)
   defining Unicode char U+0161 (decimal 353)
   defining Unicode char U+0162 (decimal 354)
   defining Unicode char U+0163 (decimal 355)
   defining Unicode char U+0164 (decimal 356)
   defining Unicode char U+0165 (decimal 357)
   defining Unicode char U+0168 (decimal 360)
   defining Unicode char U+0169 (decimal 361)
   defining Unicode char U+016A (decimal 362)
   defining Unicode char U+016B (decimal 363)
   defining Unicode char U+016C (decimal 364)
   defining Unicode char U+016D (decimal 365)
   defining Unicode char U+016E (decimal 366)
   defining Unicode char U+016F (decimal 367)
   defining Unicode char U+0170 (decimal 368)
   defining Unicode char U+0171 (decimal 369)
   defining Unicode char U+0172 (decimal 370)
   defining Unicode char U+0173 (decimal 371)
   defining Unicode char U+0174 (decimal 372)
   defining Unicode char U+0175 (decimal 373)
   defining Unicode char U+0176 (decimal 374)
   defining Unicode char U+0177 (decimal 375)
   defining Unicode char U+0178 (decimal 376)
   defining Unicode char U+0179 (decimal 377)
   defining Unicode char U+017A (decimal 378)
   defining Unicode char U+017B (decimal 379)
   defining Unicode char U+017C (decimal 380)
   defining Unicode char U+017D (decimal 381)
   defining Unicode char U+017E (decimal 382)
   defining Unicode char U+01CD (decimal 461)
   defining Unicode char U+01CE (decimal 462)
   defining Unicode char U+01CF (decimal 463)
   defining Unicode char U+01D0 (decimal 464)
   defining Unicode char U+01D1 (decimal 465)
   defining Unicode char U+01D2 (decimal 466)
   defining Unicode char U+01D3 (decimal 467)
   defining Unicode char U+01D4 (decimal 468)
   defining Unicode char U+01E2 (decimal 482)
   defining Unicode char U+01E3 (decimal 483)
   defining Unicode char U+01E6 (decimal 486)
   defining Unicode char U+01E7 (decimal 487)
   defining Unicode char U+01E8 (decimal 488)
   defining Unicode char U+01E9 (decimal 489)
   defining Unicode char U+01EA (decimal 490)
   defining Unicode char U+01EB (decimal 491)
   defining Unicode char U+01F0 (decimal 496)
   defining Unicode char U+01F4 (decimal 500)
   defining Unicode char U+01F5 (decimal 501)
   defining Unicode char U+0218 (decimal 536)
   defining Unicode char U+0219 (decimal 537)
   defining Unicode char U+021A (decimal 538)
   defining Unicode char U+021B (decimal 539)
   defining Unicode char U+1E02 (decimal 7682)
   defining Unicode char U+1E03 (decimal 7683)
   defining Unicode char U+200C (decimal 8204)
   defining Unicode char U+2010 (decimal 8208)
   defining Unicode char U+2011 (decimal 8209)
   defining Unicode char U+2012 (decimal 8210)
   defining Unicode char U+2013 (decimal 8211)
   defining Unicode char U+2014 (decimal 8212)
   defining Unicode char U+2015 (decimal 8213)
   defining Unicode char U+2018 (decimal 8216)
   defining Unicode char U+2019 (decimal 8217)
   defining Unicode char U+201A (decimal 8218)
   defining Unicode char U+201C (decimal 8220)
   defining Unicode char U+201D (decimal 8221)
   defining Unicode char U+201E (decimal 8222)
   defining Unicode char U+2030 (decimal 8240)
   defining Unicode char U+2031 (decimal 8241)
   defining Unicode char U+2039 (decimal 8249)
   defining Unicode char U+203A (decimal 8250)
   defining Unicode char U+2423 (decimal 9251)
)
Now handling font encoding OT1 ...
... processing UTF-8 mapping file for font encoding OT1
 (/usr/local/texlive/2016/texmf-dist/tex/latex/base/ot1enc.dfu
File: ot1enc.dfu 2016/02/28 v1.1s UTF-8 support for inputenc
   defining Unicode char U+00A0 (decimal 160)
   defining Unicode char U+00A1 (decimal 161)
   defining Unicode char U+00A3 (decimal 163)
   defining Unicode char U+00AD (decimal 173)
   defining Unicode char U+00B8 (decimal 184)
   defining Unicode char U+00BF (decimal 191)
   defining Unicode char U+00C5 (decimal 197)
   defining Unicode char U+00C6 (decimal 198)
   defining Unicode char U+00D8 (decimal 216)
   defining Unicode char U+00DF (decimal 223)
   defining Unicode char U+00E6 (decimal 230)
   defining Unicode char U+00EC (decimal 236)
   defining Unicode char U+00ED (decimal 237)
   defining Unicode char U+00EE (decimal 238)
   defining Unicode char U+00EF (decimal 239)
   defining Unicode char U+00F8 (decimal 248)
   defining Unicode char U+0131 (decimal 305)
   defining Unicode char U+0141 (decimal 321)
   defining Unicode char U+0142 (decimal 322)
   defining Unicode char U+0152 (decimal 338)
   defining Unicode char U+0153 (decimal 339)
   defining Unicode char U+0174 (decimal 372)
   defining Unicode char U+0175 (decimal 373)
   defining Unicode char U+0176 (decimal 374)
   defining Unicode char U+0177 (decimal 375)
   defining Unicode char U+0218 (decimal 536)
   defining Unicode char U+0219 (decimal 537)
   defining Unicode char U+021A (decimal 538)
   defining Unicode char U+021B (decimal 539)
   defining Unicode char U+2013 (decimal 8211)
   defining Unicode char U+2014 (decimal 8212)
   defining Unicode char U+2018 (decimal 8216)
   defining Unicode char U+2019 (decimal 8217)
   defining Unicode char U+201C (decimal 8220)
   defining Unicode char U+201D (decimal 8221)
)
Now handling font encoding OMS ...
... processing UTF-8 mapping file for font encoding OMS
 (/usr/local/texlive/2016/texmf-dist/tex/latex/base/omsenc.dfu
File: omsenc.dfu 2016/02/28 v1.1s UTF-8 support for inputenc
   defining Unicode char U+00A7 (decimal 167)
   defining Unicode char U+00B6 (decimal 182)
   defining Unicode char U+00B7 (decimal 183)
   defining Unicode char U+2020 (decimal 8224)
   defining Unicode char U+2021 (decimal 8225)
   defining Unicode char U+2022 (decimal 8226)
)
Now handling font encoding OMX ...
... no UTF-8 mapping file for font encoding OMX
Now handling font encoding U ...
... no UTF-8 mapping file for font encoding U
   defining Unicode char U+00A9 (decimal 169)
   defining Unicode char U+00AA (decimal 170)
   defining Unicode char U+00AE (decimal 174)
   defining Unicode char U+00BA (decimal 186)
   defining Unicode char U+02C6 (decimal 710)
   defining Unicode char U+02DC (decimal 732)
   defining Unicode char U+200C (decimal 8204)
   defining Unicode char U+2026 (decimal 8230)
   defining Unicode char U+2122 (decimal 8482)
   defining Unicode char U+2423 (decimal 9251)
)) (/usr/local/texlive/2016/texmf-dist/tex/latex/base/fontenc.sty
Package: fontenc 2005/09/27 v1.99g Standard LaTeX package
 (/usr/local/texlive/2016/texmf-dist/tex/latex/base/t1enc.def
File: t1enc.def 2005/09/27 v1.99g Standard LaTeX file
LaTeX Font Info:    Redeclaring font encoding T1 on input line 48.
))

LaTeX Warning: You have requested document class `ufsctex/ufsctex',
               but the document class provides `ufsctex'.

Document Class: ufsctex 
(./abnt.cls (./cvs-id.def)
Document Class: abnt 2004/11/02 v1.27.2.1 Classe abnt (NBR6024, NBR6027, NBR6028, NBR14724)
(/usr/local/texlive/2016/texmf-dist/tex/latex/base/ifthen.sty
Package: ifthen 2014/09/29 v1.1c Standard LaTeX ifthen package (DPC)
) (/usr/local/texlive/2016/texmf-dist/tex/latex/tools/calc.sty
Package: calc 2014/10/28 v4.3 Infix arithmetic (KKT,FJ)
\calc@Acount=\count79
\calc@Bcount=\count80
\calc@Adimen=\dimen102
\calc@Bdimen=\dimen103
\calc@Askip=\skip41
\calc@Bskip=\skip42
LaTeX Info: Redefining \setlength on input line 80.
LaTeX Info: Redefining \addtolength on input line 81.
\calc@Ccount=\count81
\calc@Cskip=\skip43
) (/usr/local/texlive/2016/texmf-dist/tex/latex/tools/multicol.sty
Package: multicol 2016/04/07 v1.8p multicolumn formatting (FMi)
\c@tracingmulticols=\count82
\mult@box=\box26
\multicol@leftmargin=\dimen104
\c@unbalance=\count83
\c@collectmore=\count84
\doublecol@number=\count85
\multicoltolerance=\count86
\multicolpretolerance=\count87
\full@width=\dimen105
\page@free=\dimen106
\premulticols=\dimen107
\postmulticols=\dimen108
\multicolsep=\skip44
\multicolbaselineskip=\skip45
\partial@page=\box27
\last@line=\box28
\maxbalancingoverflow=\dimen109
\mult@rightbox=\box29
\mult@grightbox=\box30
\mult@gfirstbox=\box31
\mult@firstbox=\box32
\@tempa=\box33
\@tempa=\box34
\@tempa=\box35
\@tempa=\box36
\@tempa=\box37
\@tempa=\box38
\@tempa=\box39
\@tempa=\box40
\@tempa=\box41
\@tempa=\box42
\@tempa=\box43
\@tempa=\box44
\@tempa=\box45
\@tempa=\box46
\@tempa=\box47
\@tempa=\box48
\@tempa=\box49
\c@columnbadness=\count88
\c@finalcolumnbadness=\count89
\last@try=\dimen110
\multicolovershoot=\dimen111
\multicolundershoot=\dimen112
\mult@nat@firstbox=\box50
\colbreak@box=\box51
\mc@col@check@num=\count90
) (/usr/local/texlive/2016/texmf-dist/tex/latex/base/report.cls
Document Class: report 2014/09/29 v1.4h Standard LaTeX document class
(/usr/local/texlive/2016/texmf-dist/tex/latex/base/size10.clo
File: size10.clo 2014/09/29 v1.4h Standard LaTeX file (size option)
)
\c@part=\count91
\c@chapter=\count92
\c@section=\count93
\c@subsection=\count94
\c@subsubsection=\count95
\c@paragraph=\count96
\c@subparagraph=\count97
\c@figure=\count98
\c@table=\count99
\abovecaptionskip=\skip46
\belowcaptionskip=\skip47
\bibindent=\dimen113
) (/usr/local/texlive/2016/texmf-dist/tex/latex/setspace/setspace.sty
Package: setspace 2011/12/19 v6.7a set line spacing
)
\ABNTanapindent=\skip48
\ABNTsignwidth=\skip49
\ABNTsignthickness=\skip50
\ABNTsignskip=\skip51
 (/usr/local/texlive/2016/texmf-dist/tex/latex/tools/indentfirst.sty
Package: indentfirst 1995/11/23 v1.03 Indent first paragraph (DPC)
)) (/usr/local/texlive/2016/texmf-dist/tex/latex/geometry/geometry.sty
Package: geometry 2010/09/12 v5.6 Page Geometry
 (/usr/local/texlive/2016/texmf-dist/tex/latex/graphics/keyval.sty
Package: keyval 2014/10/28 v1.15 key=value parser (DPC)
\KV@toks@=\toks16
) (/usr/local/texlive/2016/texmf-dist/tex/generic/oberdiek/ifpdf.sty
Package: ifpdf 2016/05/14 v3.1 Provides the ifpdf switch
) (/usr/local/texlive/2016/texmf-dist/tex/generic/oberdiek/ifvtex.sty
Package: ifvtex 2016/05/16 v1.6 Detect VTeX and its facilities (HO)
Package ifvtex Info: VTeX not detected.
) (/usr/local/texlive/2016/texmf-dist/tex/generic/ifxetex/ifxetex.sty
Package: ifxetex 2010/09/12 v0.6 Provides ifxetex conditional
)
\Gm@cnth=\count100
\Gm@cntv=\count101
\c@Gm@tempcnt=\count102
\Gm@bindingoffset=\dimen114
\Gm@wd@mp=\dimen115
\Gm@odd@mp=\dimen116
\Gm@even@mp=\dimen117
\Gm@layoutwidth=\dimen118
\Gm@layoutheight=\dimen119
\Gm@layouthoffset=\dimen120
\Gm@layoutvoffset=\dimen121
\Gm@dimlist=\toks17
) (./ufsctex/ufsctex.sty (/usr/local/texlive/2016/texmf-dist/tex/generic/babel/babel.sty
Package: babel 2016/04/23 3.9r The Babel package
 (/usr/local/texlive/2016/texmf-dist/tex/generic/babel-portuges/portuges.ldf
Language: portuges 2008/03/18 v1.2q Portuguese support from the babel system
 (/usr/local/texlive/2016/texmf-dist/tex/generic/babel/babel.def
File: babel.def 2016/04/23 3.9r Babel common definitions
\babel@savecnt=\count103
\U@D=\dimen122
)
\l@brazil = a dialect from \language\l@portuges 
Package babel Info: Making " an active character on input line 145.
)) (/usr/local/texlive/2016/texmf-dist/tex/generic/ulem/ulem.sty
\UL@box=\box52
\UL@hyphenbox=\box53
\UL@skip=\skip52
\UL@hook=\toks18
\UL@height=\dimen123
\UL@pe=\count104
\UL@pixel=\dimen124
\ULC@box=\box54
Package: ulem 2012/05/18
\ULdepth=\dimen125
) (/usr/local/texlive/2016/texmf-dist/tex/latex/subfigure/subfigure.sty
Package: subfigure 2002/03/15 v2.1.5 subfigure package
\subfigtopskip=\skip53
\subfigcapskip=\skip54
\subfigcaptopadj=\dimen126
\subfigbottomskip=\skip55
\subfigcapmargin=\dimen127
\subfiglabelskip=\skip56
\c@subfigure=\count105
\c@lofdepth=\count106
\c@subtable=\count107
\c@lotdepth=\count108

****************************************
* Local config file subfigure.cfg used *
****************************************
(/usr/local/texlive/2016/texmf-dist/tex/latex/subfigure/subfigure.cfg)
\subfig@top=\skip57
\subfig@bottom=\skip58
) (/usr/local/texlive/2016/texmf-dist/tex/latex/carlisle/remreset.sty) (/usr/local/texlive/2016/texmf-dist/tex/latex/url/url.sty
\Urlmuskip=\muskip10
Package: url 2013/09/16  ver 3.4  Verb mode for urls, etc.
) (/usr/local/texlive/2016/texmf-dist/tex/latex/hyperref/hyperref.sty
Package: hyperref 2016/05/05 v6.83n Hypertext links for LaTeX
 (/usr/local/texlive/2016/texmf-dist/tex/generic/oberdiek/hobsub-hyperref.sty
Package: hobsub-hyperref 2016/05/16 v1.14 Bundle oberdiek, subset hyperref (HO)
 (/usr/local/texlive/2016/texmf-dist/tex/generic/oberdiek/hobsub-generic.sty
Package: hobsub-generic 2016/05/16 v1.14 Bundle oberdiek, subset generic (HO)
Package: hobsub 2016/05/16 v1.14 Construct package bundles (HO)
Package: infwarerr 2016/05/16 v1.4 Providing info/warning/error messages (HO)
Package: ltxcmds 2016/05/16 v1.23 LaTeX kernel commands for general use (HO)
Package: ifluatex 2016/05/16 v1.4 Provides the ifluatex switch (HO)
Package ifluatex Info: LuaTeX not detected.
Package hobsub Info: Skipping package `ifvtex' (already loaded).
Package: intcalc 2016/05/16 v1.2 Expandable calculations with integers (HO)
Package hobsub Info: Skipping package `ifpdf' (already loaded).
Package: etexcmds 2016/05/16 v1.6 Avoid name clashes with e-TeX commands (HO)
Package etexcmds Info: Could not find \expanded.
(etexcmds)             That can mean that you are not using pdfTeX 1.50 or
(etexcmds)             that some package has redefined \expanded.
(etexcmds)             In the latter case, load this package earlier.
Package: kvsetkeys 2016/05/16 v1.17 Key value parser (HO)
Package: kvdefinekeys 2016/05/16 v1.4 Define keys (HO)
Package: pdftexcmds 2016/05/10 v0.21 Utility functions of pdfTeX for LuaTeX (HO)
Package pdftexcmds Info: LuaTeX not detected.
Package pdftexcmds Info: \pdf@primitive is available.
Package pdftexcmds Info: \pdf@ifprimitive is available.
Package pdftexcmds Info: \pdfdraftmode found.
Package: pdfescape 2016/05/16 v1.14 Implements pdfTeX's escape features (HO)
Package: bigintcalc 2016/05/16 v1.4 Expandable calculations on big integers (HO)
Package: bitset 2016/05/16 v1.2 Handle bit-vector datatype (HO)
Package: uniquecounter 2016/05/16 v1.3 Provide unlimited unique counter (HO)
)
Package hobsub Info: Skipping package `hobsub' (already loaded).
Package: letltxmacro 2016/05/16 v1.5 Let assignment for LaTeX macros (HO)
Package: hopatch 2016/05/16 v1.3 Wrapper for package hooks (HO)
Package: xcolor-patch 2016/05/16 xcolor patch
Package: atveryend 2016/05/16 v1.9 Hooks at the very end of document (HO)
Package atveryend Info: \enddocument detected (standard20110627).
Package: atbegshi 2016/05/16 v1.17 At begin shipout hook (HO)
Package: refcount 2016/05/16 v3.5 Data extraction from label references (HO)
Package: hycolor 2016/05/16 v1.8 Color options for hyperref/bookmark (HO)
) (/usr/local/texlive/2016/texmf-dist/tex/latex/oberdiek/auxhook.sty
Package: auxhook 2016/05/16 v1.4 Hooks for auxiliary files (HO)
) (/usr/local/texlive/2016/texmf-dist/tex/latex/oberdiek/kvoptions.sty
Package: kvoptions 2016/05/16 v3.12 Key value format for package options (HO)
)
\@linkdim=\dimen128
\Hy@linkcounter=\count109
\Hy@pagecounter=\count110
 (/usr/local/texlive/2016/texmf-dist/tex/latex/hyperref/pd1enc.def
File: pd1enc.def 2016/05/05 v6.83n Hyperref: PDFDocEncoding definition (HO)
Now handling font encoding PD1 ...
... no UTF-8 mapping file for font encoding PD1
)
\Hy@SavedSpaceFactor=\count111
 (/usr/local/texlive/2016/texmf-dist/tex/latex/latexconfig/hyperref.cfg
File: hyperref.cfg 2002/06/06 v1.2 hyperref configuration of TeXLive
)
Package hyperref Info: Option `colorlinks' set `true' on input line 4322.
Package hyperref Info: Hyper figures OFF on input line 4446.
Package hyperref Info: Link nesting OFF on input line 4451.
Package hyperref Info: Hyper index ON on input line 4454.
Package hyperref Info: Plain pages OFF on input line 4461.
Package hyperref Info: Backreferencing OFF on input line 4466.
Package hyperref Info: Implicit mode ON; LaTeX internals redefined.
Package hyperref Info: Bookmarks ON on input line 4691.
\c@Hy@tempcnt=\count112
LaTeX Info: Redefining \url on input line 5044.
\XeTeXLinkMargin=\dimen129
\Fld@menulength=\count113
\Field@Width=\dimen130
\Fld@charsize=\dimen131
Package hyperref Info: Hyper figures OFF on input line 6298.
Package hyperref Info: Link nesting OFF on input line 6303.
Package hyperref Info: Hyper index ON on input line 6306.
Package hyperref Info: backreferencing OFF on input line 6313.
Package hyperref Info: Link coloring ON on input line 6316.
Package hyperref Info: Link coloring with OCG OFF on input line 6323.
Package hyperref Info: PDF/A mode OFF on input line 6328.
LaTeX Info: Redefining \ref on input line 6368.
LaTeX Info: Redefining \pageref on input line 6372.
\Hy@abspage=\count114
\c@Item=\count115
\c@Hfootnote=\count116
)

Package hyperref Message: Driver (autodetected): hpdftex.

(/usr/local/texlive/2016/texmf-dist/tex/latex/hyperref/hpdftex.def
File: hpdftex.def 2016/05/05 v6.83n Hyperref driver for pdfTeX
\Fld@listcount=\count117
\c@bookmark@seq@number=\count118
 (/usr/local/texlive/2016/texmf-dist/tex/latex/oberdiek/rerunfilecheck.sty
Package: rerunfilecheck 2016/05/16 v1.8 Rerun checks for auxiliary files (HO)
Package uniquecounter Info: New unique counter `rerunfilecheck' on input line 282.
)
\Hy@SectionHShift=\skip59
) (./abntcite.sty (./cvs-id.def)
Package: abntcite 2003/10/13 v1.26 Chamadas de referencias no texto (NBR10520)
 (./abntex-abrev.sty (./cvs-id.def)
Package: abntex-abrev 2003/10/13 v1.3 Abreviacoes
 (./nbr10522-1988.def (./cvs-id.def)
File: nbr10522-1988.def 2003/10/13 v1.2 Abreviacoes bibliograficas (NBR10522:1988)
) (./abntex-abrev-pt_BR.def (./cvs-id.def)
File: abntex-abrev-pt_BR.def 2003/10/13 v1.2 definicao de abntex-abrev, traducao de termos en_US/pt_BR
)) (./nbr10520-2002.def (./cvs-id.def)
File: nbr10520-2002.def 2003/10/13 v1.2 Definicoes para abntcite (NBR10520:2002)
)
\minimumbiblabelwidth=\skip60
\ABCIauxlen=\skip61
\c@ABCIaux=\count119
\c@ABCImax=\count120
 (/usr/local/texlive/2016/texmf-dist/tex/latex/relsize/relsize.sty
Package: relsize 2013/03/29 ver 4.1
)
\biblabelsep=\skip62
LaTeX Info: Redefining \newblock on input line 562.
LaTeX Info: Redefining \cite on input line 589.
\ABCItoken=\toks19
))
\espacosumario=\skip63
\ufsctex@symbolwidth=\skip64
) (/usr/local/texlive/2016/texmf-dist/tex/latex/graphics/graphics.sty
Package: graphics 2016/05/09 v1.0r Standard LaTeX Graphics (DPC,SPQR)
 (/usr/local/texlive/2016/texmf-dist/tex/latex/graphics/trig.sty
Package: trig 2016/01/03 v1.10 sin cos tan (DPC)
) (/usr/local/texlive/2016/texmf-dist/tex/latex/graphics-cfg/graphics.cfg
File: graphics.cfg 2016/01/02 v1.10 sample graphics configuration
)
Package graphics Info: Driver file: pdftex.def on input line 96.
 (/usr/local/texlive/2016/texmf-dist/tex/latex/pdftex-def/pdftex.def
File: pdftex.def 2011/05/27 v0.06d Graphics/color for pdfTeX
\Gread@gobject=\count121
)) (/usr/local/texlive/2016/texmf-dist/tex/latex/graphics/graphicx.sty
Package: graphicx 2014/10/28 v1.0g Enhanced LaTeX Graphics (DPC,SPQR)
\Gin@req@height=\dimen132
\Gin@req@width=\dimen133
) (/usr/local/texlive/2016/texmf-dist/tex/latex/enumitem/enumitem.sty
Package: enumitem 2011/09/28 v3.5.2 Customized lists
\labelindent=\skip65
\enit@outerparindent=\dimen134
\enit@toks=\toks20
\enit@inbox=\box55
\enitdp@description=\count122
) (/usr/local/texlive/2016/texmf-dist/tex/latex/float/float.sty
Package: float 2001/11/08 v1.3d Float enhancements (AL)
\c@float@type=\count123
\float@exts=\toks21
\float@box=\box56
\@float@everytoks=\toks22
\@floatcapt=\box57
) (/usr/local/texlive/2016/texmf-dist/tex/latex/minted/minted.sty
Package: minted 2015/09/09 v2.1 Yet another Pygments shim for LaTeX
 (/usr/local/texlive/2016/texmf-dist/tex/latex/fancyvrb/fancyvrb.sty
Package: fancyvrb 2008/02/07
 Style option: `fancyvrb' v2.7a, with DG/SPQR fixes, and firstline=lastline fix <2008/02/07> (tvz)
\FV@CodeLineNo=\count124
\FV@InFile=\read1
\FV@TabBox=\box58
\c@FancyVerbLine=\count125
\FV@StepNumber=\count126
\FV@OutFile=\write3
) (/usr/local/texlive/2016/texmf-dist/tex/latex/ifplatform/ifplatform.sty
Package: ifplatform 2010/10/22 v0.4 Testing for the operating system
 (/usr/local/texlive/2016/texmf-dist/tex/generic/oberdiek/catchfile.sty
Package: catchfile 2016/05/16 v1.7 Catch the contents of a file (HO)
)
runsystem(uname -s > "index.w18")...executed.

 (./index.w18)
runsystem(rm -- "index.w18")...executed.

) (/usr/local/texlive/2016/texmf-dist/tex/latex/etoolbox/etoolbox.sty
Package: etoolbox 2015/08/02 v2.2a e-TeX tools for LaTeX (JAW)
\etb@tempcnta=\count127
) (/usr/local/texlive/2016/texmf-dist/tex/generic/xstring/xstring.sty (/usr/local/texlive/2016/texmf-dist/tex/generic/xstring/xstring.tex
\@xs@message=\write4
\integerpart=\count128
\decimalpart=\count129
)
Package: xstring 2013/10/13  v1.7c  String manipulations (C Tellechea)
) (/usr/local/texlive/2016/texmf-dist/tex/latex/lineno/lineno.sty
Package: lineno 2005/11/02 line numbers on paragraphs v4.41
\linenopenalty=\count130
\output=\toks23
\linenoprevgraf=\count131
\linenumbersep=\dimen135
\linenumberwidth=\dimen136
\c@linenumber=\count132
\c@pagewiselinenumber=\count133
\c@LN@truepage=\count134
\c@internallinenumber=\count135
\c@internallinenumbers=\count136
\quotelinenumbersep=\dimen137
\bframerule=\dimen138
\bframesep=\dimen139
\bframebox=\box59
LaTeX Info: Redefining \\ on input line 3056.
)
\minted@appexistsfile=\read2
\FV@BreakIndent=\dimen140
\FV@BreakSymbolSepLeft=\dimen141
\FV@BreakSymbolSepRight=\dimen142
\FV@BreakSymbolIndentLeft=\dimen143
LaTeX Font Info:    Try loading font information for T1+cmtt on input line 688.
 (/usr/local/texlive/2016/texmf-dist/tex/latex/base/t1cmtt.fd
File: t1cmtt.fd 2014/09/29 v2.5h Standard LaTeX font definitions
)
\FV@BreakSymbolIndentRight=\dimen144
\c@FancyVerbLineBreakLast=\count137
\FV@LineBox=\box60
\FV@LineIndentBox=\box61
\minted@bgbox=\box62
\minted@code=\write5
\c@minted@FancyVerbLineTemp=\count138
\@float@every@listing=\toks24
\c@listing=\count139
)
runsystem(pygmentize -S default -f latex -P commandprefix=PYGdefault > "index.out.pyg")...executed.

 (./index.out.pyg)
runsystem(which "pygmentize" && touch "index.aex")...executed.

runsystem(rm "index.aex")...executed.



LaTeX Warning: Unused global option(s):
    [cleardoublepage=plain].

(./index.aux)
\openout1 = `index.aux'.

LaTeX Font Info:    Checking defaults for OML/cmm/m/it on input line 7.
LaTeX Font Info:    ... okay on input line 7.
LaTeX Font Info:    Checking defaults for T1/cmr/m/n on input line 7.
LaTeX Font Info:    ... okay on input line 7.
LaTeX Font Info:    Checking defaults for OT1/cmr/m/n on input line 7.
LaTeX Font Info:    ... okay on input line 7.
LaTeX Font Info:    Checking defaults for OMS/cmsy/m/n on input line 7.
LaTeX Font Info:    ... okay on input line 7.
LaTeX Font Info:    Checking defaults for OMX/cmex/m/n on input line 7.
LaTeX Font Info:    ... okay on input line 7.
LaTeX Font Info:    Checking defaults for U/cmr/m/n on input line 7.
LaTeX Font Info:    ... okay on input line 7.
LaTeX Font Info:    Checking defaults for PD1/pdf/m/n on input line 7.
LaTeX Font Info:    ... okay on input line 7.

*geometry* driver: auto-detecting
*geometry* detected driver: pdftex
*geometry* verbose mode - [ preamble ] result:
* driver: pdftex
* paper: a5paper
* layout: <same size as paper>
* layoutoffset:(h,v)=(0.0pt,0.0pt)
* modes: twoside 
* h-part:(L,W,R)=(71.13188pt, 307.28978pt, 42.67912pt)
* v-part:(T,H,B)=(56.9055pt, 497.92325pt, 42.67912pt)
* \paperwidth=421.10078pt
* \paperheight=597.50787pt
* \textwidth=307.28978pt
* \textheight=497.92325pt
* \oddsidemargin=-1.1381pt
* \evensidemargin=-29.59087pt
* \topmargin=-57.42455pt
* \headheight=19.91684pt
* \headsep=22.14322pt
* \topskip=10.0pt
* \footskip=19.91684pt
* \marginparwidth=47.0pt
* \marginparsep=11.0pt
* \columnsep=10.0pt
* \skip\footins=9.0pt plus 4.0pt minus 2.0pt
* \hoffset=0.0pt
* \voffset=0.0pt
* \mag=1000
* \@twocolumnfalse
* \@twosidetrue
* \@mparswitchtrue
* \@reversemarginfalse
* (1in=72.27pt=25.4mm, 1cm=28.453pt)

\AtBeginShipoutBox=\box63
(/usr/local/texlive/2016/texmf-dist/tex/latex/graphics/color.sty
Package: color 2016/05/09 v1.1c Standard LaTeX Color (DPC)
 (/usr/local/texlive/2016/texmf-dist/tex/latex/graphics-cfg/color.cfg
File: color.cfg 2016/01/02 v1.6 sample color configuration
)
Package color Info: Driver file: pdftex.def on input line 144.
)
Package hyperref Info: Link coloring ON on input line 7.
 (/usr/local/texlive/2016/texmf-dist/tex/latex/hyperref/nameref.sty
Package: nameref 2012/10/27 v2.43 Cross-referencing by name of section
 (/usr/local/texlive/2016/texmf-dist/tex/generic/oberdiek/gettitlestring.sty
Package: gettitlestring 2016/05/16 v1.5 Cleanup title references (HO)
)
\c@section@level=\count140
)
LaTeX Info: Redefining \ref on input line 7.
LaTeX Info: Redefining \pageref on input line 7.
LaTeX Info: Redefining \nameref on input line 7.
 (./index.out) (./index.out)
\@outlinefile=\write6
\openout6 = `index.out'.

 (/usr/local/texlive/2016/texmf-dist/tex/context/base/mkii/supp-pdf.mkii
[Loading MPS to PDF converter (version 2006.09.02).]
\scratchcounter=\count141
\scratchdimen=\dimen145
\scratchbox=\box64
\nofMPsegments=\count142
\nofMParguments=\count143
\everyMPshowfont=\toks25
\MPscratchCnt=\count144
\MPscratchDim=\dimen146
\MPnumerator=\count145
\makeMPintoPDFobject=\count146
\everyMPtoPDFconversion=\toks26
) (/usr/local/texlive/2016/texmf-dist/tex/latex/oberdiek/epstopdf-base.sty
Package: epstopdf-base 2016/05/15 v2.6 Base part for package epstopdf
 (/usr/local/texlive/2016/texmf-dist/tex/latex/oberdiek/grfext.sty
Package: grfext 2016/05/16 v1.2 Manage graphics extensions (HO)
)
Package grfext Info: Graphics extension search list:
(grfext)             [.png,.pdf,.jpg,.mps,.jpeg,.jbig2,.jb2,.PNG,.PDF,.JPG,.JPEG,.JBIG2,.JB2,.eps]
(grfext)             \AppendGraphicsExtensions on input line 456.
 (/usr/local/texlive/2016/texmf-dist/tex/latex/latexconfig/epstopdf-sys.cfg
File: epstopdf-sys.cfg 2010/07/13 v1.3 Configuration of (r)epstopdf for TeX Live
))
runsystem(pygmentize -S default -f latex -P commandprefix=PYG > "index.out.pyg")...executed.

 (./index.out.pyg) (./pre-textual/index.tex (./pre-textual/capa.tex
LaTeX Font Info:    External font `cmex10' loaded for size
(Font)              <7> on input line 12.
LaTeX Font Info:    External font `cmex10' loaded for size
(Font)              <5> on input line 12.
Package babel Info: Redefining portuges shorthand "|
(babel)             in language append on input line 12.
Package babel Info: Redefining portuges shorthand "|
(babel)             in language append on input line 12.
 [0


{/usr/local/texlive/2016/texmf-var/fonts/map/pdftex/updmap/pdftex.map}])
Package babel Info: Redefining portuges shorthand "|
(babel)             in language append on input line 2.
Package babel Info: Redefining portuges shorthand "|
(babel)             in language append on input line 2.
pdfTeX warning (ext4): destination with the same identifier (name{page.}) has been already used, duplicate ignored
<to be read again> 
                   \relax 
l.2 \input
          {pre-textual/banca} [0

]
Overfull \hbox (1.02504pt too wide) in paragraph at lines 2--2
\T1/cmr/m/n/9 me-tido ao Pro-grama de Gra-du-a-Á„o em
 []

(./pre-textual/banca.tex) (./pre-textual/dedicatoria.tex
Package babel Info: Redefining portuges shorthand "|
(babel)             in language append on input line 5.
Package babel Info: Redefining portuges shorthand "|
(babel)             in language append on input line 5.
pdfTeX warning (ext4): destination with the same identifier (name{page.}) has been already used, duplicate ignored
<to be read again> 
                   \relax 
l.5 \paginadedicatoria
                       [1]
Package babel Info: Redefining portuges shorthand "|
(babel)             in language append on input line 5.
Package babel Info: Redefining portuges shorthand "|
(babel)             in language append on input line 5.
pdfTeX warning (ext4): destination with the same identifier (name{page.}) has been already used, duplicate ignored
<to be read again> 
                   \relax 
l.5 \paginadedicatoria
                       [2

]) (./pre-textual/agradecimento.tex
Package babel Info: Redefining portuges shorthand "|
(babel)             in language append on input line 6.
Package babel Info: Redefining portuges shorthand "|
(babel)             in language append on input line 6.
pdfTeX warning (ext4): destination with the same identifier (name{page.}) has been already used, duplicate ignored
<to be read again> 
                   \relax 
l.6 \paginaagradecimento
                         [3]
Package babel Info: Redefining portuges shorthand "|
(babel)             in language append on input line 6.
Package babel Info: Redefining portuges shorthand "|
(babel)             in language append on input line 6.
pdfTeX warning (ext4): destination with the same identifier (name{page.}) has been already used, duplicate ignored
<to be read again> 
                   \relax 
l.6 \paginaagradecimento
                         [4

]) (./pre-textual/epigrafe.tex
Package babel Info: Redefining portuges shorthand "|
(babel)             in language append on input line 6.
Package babel Info: Redefining portuges shorthand "|
(babel)             in language append on input line 6.
pdfTeX warning (ext4): destination with the same identifier (name{page.}) has been already used, duplicate ignored
<to be read again> 
                   \relax 
l.6 \paginaepigrafe
                    [5]
Package babel Info: Redefining portuges shorthand "|
(babel)             in language append on input line 6.
Package babel Info: Redefining portuges shorthand "|
(babel)             in language append on input line 6.
pdfTeX warning (ext4): destination with the same identifier (name{page.}) has been already used, duplicate ignored
<to be read again> 
                   \relax 
l.6 \paginaepigrafe
                    [6

]) (./pre-textual/resumo.tex
Package babel Info: Redefining portuges shorthand "|
(babel)             in language append on input line 21.
Package babel Info: Redefining portuges shorthand "|
(babel)             in language append on input line 21.
pdfTeX warning (ext4): destination with the same identifier (name{page.}) has been already used, duplicate ignored
<to be read again> 
                   \relax 
l.21 \paginaresumo
                   [7]
Package babel Info: Redefining portuges shorthand "|
(babel)             in language append on input line 21.
Package babel Info: Redefining portuges shorthand "|
(babel)             in language append on input line 21.
pdfTeX warning (ext4): destination with the same identifier (name{page.}) has been already used, duplicate ignored
<to be read again> 
                   \relax 
l.21 \paginaresumo
                   [8

]
Package babel Info: Redefining portuges shorthand "|
(babel)             in language append on input line 21.
Package babel Info: Redefining portuges shorthand "|
(babel)             in language append on input line 21.
pdfTeX warning (ext4): destination with the same identifier (name{page.}) has been already used, duplicate ignored
<to be read again> 
                   \relax 
l.21 \paginaresumo
                   [9

]) (./pre-textual/abstract.tex
Package babel Info: Redefining portuges shorthand "|
(babel)             in language append on input line 19.
Package babel Info: Redefining portuges shorthand "|
(babel)             in language append on input line 19.
pdfTeX warning (ext4): destination with the same identifier (name{page.}) has been already used, duplicate ignored
<to be read again> 
                   \relax 
l.19 \paginaabstract
                     [10

]
Package babel Info: Redefining portuges shorthand "|
(babel)             in language append on input line 19.
Package babel Info: Redefining portuges shorthand "|
(babel)             in language append on input line 19.
pdfTeX warning (ext4): destination with the same identifier (name{page.}) has been already used, duplicate ignored
<to be read again> 
                   \relax 
l.19 \paginaabstract
                     [11

]) (./pre-textual/listas.tex
Package babel Info: Redefining portuges shorthand "|
(babel)             in language append on input line 1.
Package babel Info: Redefining portuges shorthand "|
(babel)             in language append on input line 1.
pdfTeX warning (ext4): destination with the same identifier (name{page.}) has been already used, duplicate ignored
<to be read again> 
                   \relax 
l.1 \listadefiguras
                    [12

] (./index.lof)
\tf@lof=\write7
\openout7 = `index.lof'.

Package babel Info: Redefining portuges shorthand "|
(babel)             in language append on input line 2.
Package babel Info: Redefining portuges shorthand "|
(babel)             in language append on input line 2.
pdfTeX warning (ext4): destination with the same identifier (name{page.}) has been already used, duplicate ignored
<to be read again> 
                   \relax 
l.2 \listadetabelas
                    [13]
Package babel Info: Redefining portuges shorthand "|
(babel)             in language append on input line 2.
Package babel Info: Redefining portuges shorthand "|
(babel)             in language append on input line 2.
pdfTeX warning (ext4): destination with the same identifier (name{page.}) has been already used, duplicate ignored
<to be read again> 
                   \relax 
l.2 \listadetabelas
                    [14

] (./index.lot)
\tf@lot=\write8
\openout8 = `index.lot'.

Package babel Info: Redefining portuges shorthand "|
(babel)             in language append on input line 3.
Package babel Info: Redefining portuges shorthand "|
(babel)             in language append on input line 3.
pdfTeX warning (ext4): destination with the same identifier (name{page.}) has been already used, duplicate ignored
<to be read again> 
                   \relax 
l.3 \listadeabreviaturas
                         [15]
Package babel Info: Redefining portuges shorthand "|
(babel)             in language append on input line 3.
Package babel Info: Redefining portuges shorthand "|
(babel)             in language append on input line 3.
pdfTeX warning (ext4): destination with the same identifier (name{page.}) has been already used, duplicate ignored
<to be read again> 
                   \relax 
l.3 \listadeabreviaturas
                         [16

] (./index.las)
\tf@las=\write9
\openout9 = `index.las'.

))
Package babel Info: Redefining portuges shorthand "|
(babel)             in language append on input line 9.
Package babel Info: Redefining portuges shorthand "|
(babel)             in language append on input line 9.
pdfTeX warning (ext4): destination with the same identifier (name{page.}) has been already used, duplicate ignored
<to be read again> 
                   \relax 
l.9 \sumario
             [17]
Package babel Info: Redefining portuges shorthand "|
(babel)             in language append on input line 9.
Package babel Info: Redefining portuges shorthand "|
(babel)             in language append on input line 9.
pdfTeX warning (ext4): destination with the same identifier (name{page.}) has been already used, duplicate ignored
<to be read again> 
                   \relax 
l.9 \sumario
             [18

] (./index.toc)
\tf@toc=\write10
\openout10 = `index.toc'.

Package babel Info: Redefining portuges shorthand "|
(babel)             in language append on input line 9.
Package babel Info: Redefining portuges shorthand "|
(babel)             in language append on input line 9.
pdfTeX warning (ext4): destination with the same identifier (name{page.}) has been already used, duplicate ignored
<to be read again> 
                   \relax 
l.9 \sumario
             [19]
Package babel Info: Redefining portuges shorthand "|
(babel)             in language append on input line 9.
Package babel Info: Redefining portuges shorthand "|
(babel)             in language append on input line 9.
pdfTeX warning (ext4): destination with the same identifier (name{page.}) has been already used, duplicate ignored
<to be read again> 
                   \relax 
l.9 \sumario
             [20

] (./capitulos/index.tex (./capitulos/fundamentos/index.tex
Cap\'{\i }tulo 1.
Package babel Info: Redefining portuges shorthand "|
(babel)             in language append on input line 1.

Package hyperref Warning: Token not allowed in a PDF string (PDFDocEncoding):
(hyperref)                removing `\uppercase' on input line 1.

(./capitulos/fundamentos/serializacao-de-dados/index.tex
Package babel Info: Redefining portuges shorthand "|
(babel)             in language append on input line 1.
LaTeX Font Info:    External font `cmex10' loaded for size
(Font)              <8> on input line 5.
LaTeX Font Info:    External font `cmex10' loaded for size
(Font)              <6> on input line 5.


LaTeX Warning: Citation `Cline2016' on page 21 undefined on input line 5.


LaTeX Warning: Citation `Guller2016' on page 21 undefined on input line 7.

<figuras/data-serialization-deserialization.png, id=248, 451.6875pt x 194.22563pt>
File: figuras/data-serialization-deserialization.png Graphic file (type png)
 <use figuras/data-serialization-deserialization.png>
Package pdftex.def Info: figuras/data-serialization-deserialization.png used on input line 11.
(pdftex.def)             Requested size: 307.30884pt x 132.14279pt.


LaTeX Warning: Citation `SumarayMakki2012' on page 21 undefined on input line 15.


Underfull \vbox (badness 2359) has occurred while \output is active []

Package babel Info: Redefining portuges shorthand "|
(babel)             in language append on input line 16.
Package babel Info: Redefining portuges shorthand "|
(babel)             in language append on input line 16.
 [21

pdfTeX warning (ext4): destination with the same identifier (name{figure.1.1}) has been already used, duplicate ignored

\AtBegShi@Output ...ipout \box \AtBeginShipoutBox 
                                                  \fi \fi 
l.16 
      <./figuras/data-serialization-deserialization.png (PNG copy)>]

LaTeX Warning: Citation `Cisco2016' on page 22 undefined on input line 19.


LaTeX Warning: Citation `Guller2016' on page 22 undefined on input line 21.

(./capitulos/fundamentos/serializacao-de-dados/especificacao/index.tex
Package babel Info: Redefining portuges shorthand "|
(babel)             in language append on input line 1.


LaTeX Warning: Citation `McDermid1991' on page 22 undefined on input line 3.

) (./capitulos/fundamentos/serializacao-de-dados/codificacao/index.tex
Package babel Info: Redefining portuges shorthand "|
(babel)             in language append on input line 1.
Package babel Info: Redefining portuges shorthand "|
(babel)             in language append on input line 1.
 [22pdfTeX warning (ext4): destination with the same identifier (name{table.1.1}) has been already used, duplicate ignored

\AtBegShi@Output ...ipout \box \AtBeginShipoutBox 
                                                  \fi \fi 
l.1 \subsection
               [Codifica√ß√£o]{Codifica√ß√£o}]
Package babel Info: Redefining portuges shorthand "|
(babel)             in language append on input line 1.


LaTeX Warning: Citation `Queiros2014' on page 23 undefined on input line 3.

) (./capitulos/fundamentos/serializacao-de-dados/human-readable/index.tex
Package babel Info: Redefining portuges shorthand "|
(babel)             in language append on input line 1.


LaTeX Warning: Citation `SumarayMakki2012' on page 23 undefined on input line 7.

) (./capitulos/fundamentos/serializacao-de-dados/esquema-idl/index.tex
Package babel Info: Redefining portuges shorthand "|
(babel)             in language append on input line 1.

Underfull \vbox (badness 10000) has occurred while \output is active []

Package babel Info: Redefining portuges shorthand "|
(babel)             in language append on input line 4.
Package babel Info: Redefining portuges shorthand "|
(babel)             in language append on input line 4.
 [23]

LaTeX Warning: Citation `Rentachintala2014' on page 24 undefined on input line 7.

)) (./capitulos/fundamentos/json/index.tex
Overfull \hbox (4.78815pt too wide) in paragraph at lines 5--1
[]\T1/cmr/m/n/10 Um for-mato des-cri-tivo nor-mal-mente dis-po-ni-bi-liza es-tru-tu-ras como
 []

Package babel Info: Redefining portuges shorthand "|
(babel)             in language append on input line 1.

./capitulos/fundamentos/json/index.tex:5: Package inputenc Error: Unicode char Ãß (U+327)
(inputenc)                not set up for use with LaTeX.

See the inputenc package documentation for explanation.
Type  H <return>  for immediate help.
 ...                                              
                                                  
l.5 ...er se adaptado bem no ambiente de aplicacÃß
                                                  oÃÉes distribuiÃÅdas, este...
Your command was ignored.
Type  I <command> <return>  to replace it with another command,
or  <return>  to continue without it.


./capitulos/fundamentos/json/index.tex:5: Package inputenc Error: Unicode char ÃÉ (U+303)
(inputenc)                not set up for use with LaTeX.

See the inputenc package documentation for explanation.
Type  H <return>  for immediate help.
 ...                                              
                                                  
l.5 ...se adaptado bem no ambiente de aplicacÃßoÃÉ
                                                  es distribuiÃÅdas, este fo...
Your command was ignored.
Type  I <command> <return>  to replace it with another command,
or  <return>  to continue without it.


./capitulos/fundamentos/json/index.tex:5: Package inputenc Error: Unicode char ÃÅ (U+301)
(inputenc)                not set up for use with LaTeX.

See the inputenc package documentation for explanation.
Type  H <return>  for immediate help.
 ...                                              
                                                  
l.5 ...m no ambiente de aplicacÃßoÃÉes distribuiÃÅ
                                                  das, este formato acabou s...
Your command was ignored.
Type  I <command> <return>  to replace it with another command,
or  <return>  to continue without it.


LaTeX Warning: Citation `Duvander2013' on page 24 undefined on input line 5.

<figuras/xml-vs-json.png, id=271, 602.25pt x 339.2675pt>
File: figuras/xml-vs-json.png Graphic file (type png)
 <use figuras/xml-vs-json.png>
Package pdftex.def Info: figuras/xml-vs-json.png used on input line 11.
(pdftex.def)             Requested size: 307.29965pt x 173.11214pt.

Underfull \vbox (badness 10000) has occurred while \output is active []

Package babel Info: Redefining portuges shorthand "|
(babel)             in language append on input line 14.
Package babel Info: Redefining portuges shorthand "|
(babel)             in language append on input line 14.
 [24]

LaTeX Warning: Citation `Droettboom2015' on page 25 undefined on input line 15.

\openout5 = `index.pyg'.

runsystem(pygmentize -l c -f latex -P commandprefix=PYG -F tokenmerge -o "index.out.pyg" "index.pyg" )...executed.

(./index.out.pyg)
\openout5 = `index.pyg'.

runsystem(pygmentize -l c -f latex -P commandprefix=PYG -F tokenmerge -o "index.out.pyg" "index.pyg" )...executed.

 (./index.out.pyg)
\openout5 = `index.pyg'.

runsystem(pygmentize -l c -f latex -P commandprefix=PYG -F tokenmerge -o "index.out.pyg" "index.pyg" )...executed.

 (./index.out.pyg)
\openout5 = `index.pyg'.

runsystem(pygmentize -l c -f latex -P commandprefix=PYG -F tokenmerge -o "index.out.pyg" "index.pyg" )...executed.

 (./index.out.pyg)
\openout5 = `index.pyg'.

runsystem(pygmentize -l c -f latex -P commandprefix=PYG -F tokenmerge -o "index.out.pyg" "index.pyg" )...executed.

 (./index.out.pyg)
\openout5 = `index.pyg'.

runsystem(pygmentize -l c -f latex -P commandprefix=PYG -F tokenmerge -o "index.out.pyg" "index.pyg" )...executed.

 (./index.out.pyg)

LaTeX Warning: Citation `Droettboom2015' on page 25 undefined on input line 36.

runsystem(pygmentize -l javascript -f latex -P commandprefix=PYG -F tokenmerge -o "index.out.pyg" "anexos/pessoa.json" )...executed.

(./index.out.pyg)
Package babel Info: Redefining portuges shorthand "|
(babel)             in language append on input line 45.
Package babel Info: Redefining portuges shorthand "|
(babel)             in language append on input line 45.
 [25pdfTeX warning (ext4): destination with the same identifier (name{figure.1.2}) has been already used, duplicate ignored

\AtBegShi@Output ...ipout \box \AtBeginShipoutBox 
                                                  \fi \fi 
l.45 
     pdfTeX warning (ext4): destination with the same identifier (name{table.1.2}) has been already used, duplicate ignored

\AtBegShi@Output ...ipout \box \AtBeginShipoutBox 
                                                  \fi \fi 
l.45 
      <./figuras/xml-vs-json.png>]
runsystem(pygmentize -l javascript -f latex -P commandprefix=PYG -F tokenmerge -o "index.out.pyg" "anexos/pessoa-2.json" )...executed.

 (./index.out.pyg)

LaTeX Warning: Citation `Droettboom2015' on page 26 undefined on input line 52.

(./capitulos/fundamentos/json/json-schema/index.tex
Package babel Info: Redefining portuges shorthand "|
(babel)             in language append on input line 1.

Underfull \vbox (badness 10000) has occurred while \output is active []

Package babel Info: Redefining portuges shorthand "|
(babel)             in language append on input line 4.
Package babel Info: Redefining portuges shorthand "|
(babel)             in language append on input line 4.
 [26pdfTeX warning (ext4): destination with the same identifier (name{figure.1.3}) has been already used, duplicate ignored

\AtBegShi@Output ...ipout \box \AtBeginShipoutBox 
                                                  \fi \fi 
l.4 
    pdfTeX warning (ext4): destination with the same identifier (name{figure.1.4}) has been already used, duplicate ignored

\AtBegShi@Output ...ipout \box \AtBeginShipoutBox 
                                                  \fi \fi 
l.4 
    ]

LaTeX Warning: Citation `Jackson2016' on page 27 undefined on input line 7.

runsystem(pygmentize -l javascript -f latex -P commandprefix=PYG -F tokenmerge -o "index.out.pyg" "anexos/pessoa-schema.json" )...executed.

(./index.out.pyg)
runsystem(pygmentize -l javascript -f latex -P commandprefix=PYG -F tokenmerge -o "index.out.pyg" "anexos/pessoa-hyper-schema.json" )...executed.

 (./index.out.pyg)
Package babel Info: Redefining portuges shorthand "|
(babel)             in language append on input line 20.
Package babel Info: Redefining portuges shorthand "|
(babel)             in language append on input line 20.
 [27pdfTeX warning (ext4): destination with the same identifier (name{figure.1.5}) has been already used, duplicate ignored

\AtBegShi@Output ...ipout \box \AtBeginShipoutBox 
                                                  \fi \fi 
l.20 
     ]
Package babel Info: Redefining portuges shorthand "|
(babel)             in language append on input line 22.
Package babel Info: Redefining portuges shorthand "|
(babel)             in language append on input line 22.
 [28pdfTeX warning (ext4): destination with the same identifier (name{figure.1.6}) has been already used, duplicate ignored

\AtBegShi@Output ...ipout \box \AtBeginShipoutBox 
                                                  \fi \fi 
l.22 
     ]

LaTeX Warning: Citation `Droettboom2015' on page 29 undefined on input line 23.

runsystem(pygmentize -l javascript -f latex -P commandprefix=PYG -F tokenmerge -o "index.out.pyg" "anexos/pessoa-hyper-schema-\protect \T1\textdollar ref.json" )...executed.

(./index.out.pyg)
Underfull \vbox (badness 10000) has occurred while \output is active []

Package babel Info: Redefining portuges shorthand "|
(babel)             in language append on input line 30.
Package babel Info: Redefining portuges shorthand "|
(babel)             in language append on input line 30.
 [29]

LaTeX Warning: Citation `Leach2014' on page 30 undefined on input line 31.


Underfull \vbox (badness 10000) has occurred while \output is active []

Package babel Info: Redefining portuges shorthand "|
(babel)             in language append on input line 32.
Package babel Info: Redefining portuges shorthand "|
(babel)             in language append on input line 32.
 [30pdfTeX warning (ext4): destination with the same identifier (name{figure.1.7}) has been already used, duplicate ignored

\AtBegShi@Output ...ipout \box \AtBeginShipoutBox 
                                                  \fi \fi 
l.32 
     ]

LaTeX Warning: Citation `Droettboom2015' on page 31 undefined on input line 33.

\openout5 = `index.pyg'.

runsystem(pygmentize -l c -f latex -P commandprefix=PYG -F tokenmerge -o "index.out.pyg" "index.pyg" )...executed.

(./index.out.pyg)
\openout5 = `index.pyg'.

runsystem(pygmentize -l c -f latex -P commandprefix=PYG -F tokenmerge -o "index.out.pyg" "index.pyg" )...executed.

 (./index.out.pyg)
\openout5 = `index.pyg'.

runsystem(pygmentize -l c -f latex -P commandprefix=PYG -F tokenmerge -o "index.out.pyg" "index.pyg" )...executed.

 (./index.out.pyg)
\openout5 = `index.pyg'.

runsystem(pygmentize -l c -f latex -P commandprefix=PYG -F tokenmerge -o "index.out.pyg" "index.pyg" )...executed.

 (./index.out.pyg)
\openout5 = `index.pyg'.

runsystem(pygmentize -l c -f latex -P commandprefix=PYG -F tokenmerge -o "index.out.pyg" "index.pyg" )...executed.

 (./index.out.pyg)
\openout5 = `index.pyg'.

runsystem(pygmentize -l c -f latex -P commandprefix=PYG -F tokenmerge -o "index.out.pyg" "index.pyg" )...executed.

 (./index.out.pyg)
\openout5 = `index.pyg'.

runsystem(pygmentize -l c -f latex -P commandprefix=PYG -F tokenmerge -o "index.out.pyg" "index.pyg" )...executed.

 (./index.out.pyg)
\openout5 = `index.pyg'.

runsystem(pygmentize -l c -f latex -P commandprefix=PYG -F tokenmerge -o "index.out.pyg" "index.pyg" )...executed.

 (./index.out.pyg)

LaTeX Warning: Citation `PezoaEtAl2016' on page 31 undefined on input line 57.


LaTeX Warning: Citation `Leach2014' on page 31 undefined on input line 59.


LaTeX Warning: Citation `PezoaEtAl2016' on page 31 undefined on input line 59.

)) (./capitulos/fundamentos/rest/index.tex
Package babel Info: Redefining portuges shorthand "|
(babel)             in language append on input line 1.
Package babel Info: Redefining portuges shorthand "|
(babel)             in language append on input line 1.
 [31pdfTeX warning (ext4): destination with the same identifier (name{table.1.3}) has been already used, duplicate ignored

\AtBegShi@Output ...ipout \box \AtBeginShipoutBox 
                                                  \fi \fi 
l.1 \section
            {REST}]
Package babel Info: Redefining portuges shorthand "|
(babel)             in language append on input line 1.


LaTeX Warning: Citation `RichardsonEtAl2013' on page 32 undefined on input line 5.


LaTeX Warning: Citation `Wildermuth2015' on page 32 undefined on input line 5.


LaTeX Warning: Citation `PautassoEtAl2008' on page 32 undefined on input line 7.

<figuras/api-styles.jpg, id=313, 602.25pt x 345.29pt>
File: figuras/api-styles.jpg Graphic file (type jpg)
 <use figuras/api-styles.jpg>
Package pdftex.def Info: figuras/api-styles.jpg used on input line 13.
(pdftex.def)             Requested size: 307.29965pt x 176.18512pt.

Underfull \vbox (badness 10000) has occurred while \output is active []

Package babel Info: Redefining portuges shorthand "|
(babel)             in language append on input line 16.
Package babel Info: Redefining portuges shorthand "|
(babel)             in language append on input line 16.
 [32]

LaTeX Warning: Citation `Knupp2016' on page 33 undefined on input line 17.

(./capitulos/fundamentos/rest/restricoes-de-arquitetura/index.tex
Package babel Info: Redefining portuges shorthand "|
(babel)             in language append on input line 1.
 (./capitulos/fundamentos/rest/restricoes-de-arquitetura/cliente-servidor/index.tex
Package babel Info: Redefining portuges shorthand "|
(babel)             in language append on input line 1.


./capitulos/fundamentos/rest/restricoes-de-arquitetura/cliente-servidor/index.tex:3: Package inputenc Error: Unicode char Ãß (U+327)
(inputenc)                not set up for use with LaTeX.

See the inputenc package documentation for explanation.
Type  H <return>  for immediate help.
 ...                                              
                                                  
l.3 ...eturas desde que a interface de comunicacÃß
                                                  aÃÉo entre os dois naÃÉo s...
Your command was ignored.
Type  I <command> <return>  to replace it with another command,
or  <return>  to continue without it.


./capitulos/fundamentos/rest/restricoes-de-arquitetura/cliente-servidor/index.tex:3: Package inputenc Error: Unicode char ÃÉ (U+303)
(inputenc)                not set up for use with LaTeX.

See the inputenc package documentation for explanation.
Type  H <return>  for immediate help.
 ...                                              
                                                  
l.3 ...ras desde que a interface de comunicacÃßaÃÉ
                                                  o entre os dois naÃÉo seja...
Your command was ignored.
Type  I <command> <return>  to replace it with another command,
or  <return>  to continue without it.


./capitulos/fundamentos/rest/restricoes-de-arquitetura/cliente-servidor/index.tex:3: Package inputenc Error: Unicode char ÃÉ (U+303)
(inputenc)                not set up for use with LaTeX.

See the inputenc package documentation for explanation.
Type  H <return>  for immediate help.
 ...                                              
                                                  
l.3 ...rface de comunicacÃßaÃÉo entre os dois naÃÉ
                                                  o seja alterada. \cite{Fie...
Your command was ignored.
Type  I <command> <return>  to replace it with another command,
or  <return>  to continue without it.


LaTeX Warning: Citation `Fielding2000' on page 33 undefined on input line 3.

) (./capitulos/fundamentos/rest/restricoes-de-arquitetura/sem-estado/index.tex
Underfull \vbox (badness 10000) has occurred while \output is active []

Package babel Info: Redefining portuges shorthand "|
(babel)             in language append on input line 1.
Package babel Info: Redefining portuges shorthand "|
(babel)             in language append on input line 1.
 [33pdfTeX warning (ext4): destination with the same identifier (name{figure.1.8}) has been already used, duplicate ignored

\AtBegShi@Output ...ipout \box \AtBeginShipoutBox 
                                                  \fi \fi 
l.1 \subsubsection
                  [Sem Estado]{Sem Estado} <./figuras/api-styles.jpg>]
Package babel Info: Redefining portuges shorthand "|
(babel)             in language append on input line 1.


LaTeX Warning: Citation `Fielding2000' on page 34 undefined on input line 3.


LaTeX Warning: Citation `Wildermuth2015' on page 34 undefined on input line 5.

) (./capitulos/fundamentos/rest/restricoes-de-arquitetura/interface-uniforme/index.tex
Package babel Info: Redefining portuges shorthand "|
(babel)             in language append on input line 1.


LaTeX Warning: Citation `Fielding2000' on page 34 undefined on input line 3.

LaTeX Font Info:    Try loading font information for OMS+cmr on input line 6.
(/usr/local/texlive/2016/texmf-dist/tex/latex/base/omscmr.fd
File: omscmr.fd 2014/09/29 v2.5h Standard LaTeX font definitions
)
LaTeX Font Info:    Font shape `OMS/cmr/m/n' in size <10> not available
(Font)              Font shape `OMS/cmsy/m/n' tried instead on input line 6.
Package babel Info: Redefining portuges shorthand "|
(babel)             in language append on input line 7.
Package babel Info: Redefining portuges shorthand "|
(babel)             in language append on input line 7.
 [34]) (./capitulos/fundamentos/rest/restricoes-de-arquitetura/separacao-em-camadas/index.tex
Package babel Info: Redefining portuges shorthand "|
(babel)             in language append on input line 1.


LaTeX Warning: Citation `Fielding2000' on page 35 undefined on input line 3.

<figuras/load-balancer.png, id=328, 374.14781pt x 286.06876pt>
File: figuras/load-balancer.png Graphic file (type png)
 <use figuras/load-balancer.png>
Package pdftex.def Info: figuras/load-balancer.png used on input line 9.
(pdftex.def)             Requested size: 307.30557pt x 234.96202pt.
) (./capitulos/fundamentos/rest/restricoes-de-arquitetura/codigo-sob-demanda/index.tex
Underfull \vbox (badness 10000) has occurred while \output is active []

Package babel Info: Redefining portuges shorthand "|
(babel)             in language append on input line 1.
Package babel Info: Redefining portuges shorthand "|
(babel)             in language append on input line 1.
 [35]
Package babel Info: Redefining portuges shorthand "|
(babel)             in language append on input line 1.


LaTeX Warning: Citation `Fielding2000' on page 36 undefined on input line 3.

) (./capitulos/fundamentos/rest/restricoes-de-arquitetura/cache/index.tex
Package babel Info: Redefining portuges shorthand "|
(babel)             in language append on input line 1.


LaTeX Warning: Citation `Fielding2000' on page 36 undefined on input line 3.

)) (./capitulos/fundamentos/rest/restful/index.tex
Package babel Info: Redefining portuges shorthand "|
(babel)             in language append on input line 1.


LaTeX Warning: Citation `RichardsonEtAl2013' on page 36 undefined on input line 3.


Underfull \vbox (badness 10000) has occurred while \output is active []

Package babel Info: Redefining portuges shorthand "|
(babel)             in language append on input line 4.
Package babel Info: Redefining portuges shorthand "|
(babel)             in language append on input line 4.
 [36pdfTeX warning (ext4): destination with the same identifier (name{figure.1.9}) has been already used, duplicate ignored

\AtBegShi@Output ...ipout \box \AtBeginShipoutBox 
                                                  \fi \fi 
l.4 
     <./figuras/load-balancer.png>] <figuras/richardson-maturity-model.png, id=340, 354.57469pt x 283.81032pt>
File: figuras/richardson-maturity-model.png Graphic file (type png)
 <use figuras/richardson-maturity-model.png>
Package pdftex.def Info: figuras/richardson-maturity-model.png used on input line 16.
(pdftex.def)             Requested size: 307.29802pt x 245.9689pt.
) (./capitulos/fundamentos/rest/descricoes-de-api/index.tex
Underfull \vbox (badness 10000) has occurred while \output is active []

Package babel Info: Redefining portuges shorthand "|
(babel)             in language append on input line 1.
Package babel Info: Redefining portuges shorthand "|
(babel)             in language append on input line 1.
 [37]
Package babel Info: Redefining portuges shorthand "|
(babel)             in language append on input line 1.


LaTeX Warning: Citation `LuckyEtAl2016' on page 38 undefined on input line 5.


LaTeX Warning: Citation `LuckyEtAl2016' on page 38 undefined on input line 7.

Package babel Info: Redefining portuges shorthand "|
(babel)             in language append on input line 8.
Package babel Info: Redefining portuges shorthand "|
(babel)             in language append on input line 8.
[38pdfTeX warning (ext4): destination with the same identifier (name{figure.1.10}) has been already used, duplicate ignored

\AtBegShi@Output ...ipout \box \AtBeginShipoutBox 
                                                  \fi \fi 
l.8 
     <./figuras/richardson-maturity-model.png>]

LaTeX Warning: Citation `Sandoval2015' on page 39 undefined on input line 9.


LaTeX Warning: Citation `Leach2014' on page 39 undefined on input line 17.


LaTeX Warning: Citation `LynnEtAl2016' on page 39 undefined on input line 17.

)) (./capitulos/fundamentos/graphql/index.tex
Package babel Info: Redefining portuges shorthand "|
(babel)             in language append on input line 1.


LaTeX Warning: Citation `GraphQL2016' on page 39 undefined on input line 3.


LaTeX Warning: Citation `GraphQL2016' on page 39 undefined on input line 5.

Package babel Info: Redefining portuges shorthand "|
(babel)             in language append on input line 6.
Package babel Info: Redefining portuges shorthand "|
(babel)             in language append on input line 6.
[39]
runsystem(pygmentize -l javascript -f latex -P commandprefix=PYG -F tokenmerge -o "index.out.pyg" "anexos/pessoa.js" )...executed.

 (./index.out.pyg
LaTeX Font Info:    Font shape `T1/cmtt/bx/n' in size <10> not available
(Font)              Font shape `T1/cmtt/m/n' tried instead on input line 2.
)
runsystem(pygmentize -l javascript -f latex -P commandprefix=PYG -F tokenmerge -o "index.out.pyg" "anexos/pessoa-graphql-schema.graphql" )...executed.

 (./index.out.pyg)
Underfull \vbox (badness 10000) has occurred while \output is active []

Package babel Info: Redefining portuges shorthand "|
(babel)             in language append on input line 22.
Package babel Info: Redefining portuges shorthand "|
(babel)             in language append on input line 22.
 [40pdfTeX warning (ext4): destination with the same identifier (name{figure.1.11}) has been already used, duplicate ignored

\AtBegShi@Output ...ipout \box \AtBeginShipoutBox 
                                                  \fi \fi 
l.22 
     ]

LaTeX Warning: Citation `GraphQL2016' on page 41 undefined on input line 23.

runsystem(pygmentize -l javascript -f latex -P commandprefix=PYG -F tokenmerge -o "index.out.pyg" "anexos/pessoa-graphql-query.graphql" )...executed.

(./index.out.pyg)
runsystem(pygmentize -l javascript -f latex -P commandprefix=PYG -F tokenmerge -o "index.out.pyg" "anexos/pessoa-graphql-query-response.json" )...executed.

 (./index.out.pyg) (./capitulos/fundamentos/graphql/linguagem-de-consulta/index.tex
Package babel Info: Redefining portuges shorthand "|
(babel)             in language append on input line 1.


LaTeX Warning: Citation `GraphQL2016' on page 41 undefined on input line 3.

Package babel Info: Redefining portuges shorthand "|
(babel)             in language append on input line 4.
Package babel Info: Redefining portuges shorthand "|
(babel)             in language append on input line 4.
[41pdfTeX warning (ext4): destination with the same identifier (name{figure.1.12}) has been already used, duplicate ignored

\AtBegShi@Output ...ipout \box \AtBeginShipoutBox 
                                                  \fi \fi 
l.4 
    pdfTeX warning (ext4): destination with the same identifier (name{figure.1.13}) has been already used, duplicate ignored

\AtBegShi@Output ...ipout \box \AtBeginShipoutBox 
                                                  \fi \fi 
l.4 
    pdfTeX warning (ext4): destination with the same identifier (name{figure.1.14}) has been already used, duplicate ignored

\AtBegShi@Output ...ipout \box \AtBeginShipoutBox 
                                                  \fi \fi 
l.4 
    ] (./capitulos/fundamentos/graphql/linguagem-de-consulta/sintaxe/index.tex
Package babel Info: Redefining portuges shorthand "|
(babel)             in language append on input line 1.
runsystem(pygmentize -l javascript -f latex -P commandprefix=PYG -F tokenmerge -o "index.out.pyg" "anexos/graphql-syntax.graphql" )...executed.

 (./index.out.pyg)) (./capitulos/fundamentos/graphql/linguagem-de-consulta/fragmentos/index.tex
Underfull \vbox (badness 10000) has occurred while \output is active []

Package babel Info: Redefining portuges shorthand "|
(babel)             in language append on input line 1.
Package babel Info: Redefining portuges shorthand "|
(babel)             in language append on input line 1.
 [42]
Package babel Info: Redefining portuges shorthand "|
(babel)             in language append on input line 1.
runsystem(pygmentize -l javascript -f latex -P commandprefix=PYG -F tokenmerge -o "index.out.pyg" "anexos/graphql-fragment.graphql" )...executed.

 (./index.out.pyg))) (./capitulos/fundamentos/graphql/sistema-de-tipagem/index.tex
Underfull \vbox (badness 10000) has occurred while \output is active []

Package babel Info: Redefining portuges shorthand "|
(babel)             in language append on input line 1.
Package babel Info: Redefining portuges shorthand "|
(babel)             in language append on input line 1.
 [43pdfTeX warning (ext4): destination with the same identifier (name{figure.1.15}) has been already used, duplicate ignored

\AtBegShi@Output ...ipout \box \AtBeginShipoutBox 
                                                  \fi \fi 
l.1 \subsection
               [Sistema de Tipagem]{Sistema de Tipagem}]
Package babel Info: Redefining portuges shorthand "|
(babel)             in language append on input line 1.

Overfull \hbox (9.64697pt too wide) in paragraph at lines 3--4
[]\T1/cmr/m/n/10 The GraphQL Type sys-tem des-cri-bes the ca-pa-bi-li-ties of a GraphQL
 []


Underfull \vbox (badness 10000) has occurred while \output is active []

Package babel Info: Redefining portuges shorthand "|
(babel)             in language append on input line 15.
Package babel Info: Redefining portuges shorthand "|
(babel)             in language append on input line 15.
 [44pdfTeX warning (ext4): destination with the same identifier (name{figure.1.16}) has been already used, duplicate ignored

\AtBegShi@Output ...ipout \box \AtBeginShipoutBox 
                                                  \fi \fi 
l.15 
     ]
runsystem(pygmentize -l javascript -f latex -P commandprefix=PYG -F tokenmerge -o "index.out.pyg" "anexos/graphql-type-system.graphql" )...executed.

 (./index.out.pyg)) (./capitulos/fundamentos/graphql/introspeccao/index.tex
Underfull \vbox (badness 10000) has occurred while \output is active []

Package babel Info: Redefining portuges shorthand "|
(babel)             in language append on input line 1.
Package babel Info: Redefining portuges shorthand "|
(babel)             in language append on input line 1.
 [45]
Package babel Info: Redefining portuges shorthand "|
(babel)             in language append on input line 1.
runsystem(pygmentize -l javascript -f latex -P commandprefix=PYG -F tokenmerge -o "index.out.pyg" "anexos/graphql-introspection.graphql" )...executed.

 (./index.out.pyg))))) (./index.bbl
Underfull \vbox (badness 10000) has occurred while \output is active []

Package babel Info: Redefining portuges shorthand "|
(babel)             in language append on input line 1.
Package babel Info: Redefining portuges shorthand "|
(babel)             in language append on input line 1.
 [46pdfTeX warning (ext4): destination with the same identifier (name{figure.1.17}) has been already used, duplicate ignored

\AtBegShi@Output ...ipout \box \AtBeginShipoutBox 
                                                  \fi \fi 
l.1 
    ]
Overfull \vbox (420.82071pt too high) has occurred while \output is active []

Package babel Info: Redefining portuges shorthand "|
(babel)             in language append on input line 1.
Package babel Info: Redefining portuges shorthand "|
(babel)             in language append on input line 1.
 [47pdfTeX warning (ext4): destination with the same identifier (name{figure.1.18}) has been already used, duplicate ignored

\AtBegShi@Output ...ipout \box \AtBeginShipoutBox 
                                                  \fi \fi 
l.1 
    ]) (./anexos/index.tex
Package babel Info: Redefining portuges shorthand "|
(babel)             in language append on input line 1.
Package babel Info: Redefining portuges shorthand "|
(babel)             in language append on input line 1.
 [48

]
Package babel Info: Redefining portuges shorthand "|
(babel)             in language append on input line 1.
Package babel Info: Redefining portuges shorthand "|
(babel)             in language append on input line 1.
 [49]
Package babel Info: Redefining portuges shorthand "|
(babel)             in language append on input line 1.
Package babel Info: Redefining portuges shorthand "|
(babel)             in language append on input line 1.
 [50

]
Anexo A.
Package babel Info: Redefining portuges shorthand "|
(babel)             in language append on input line 1.

Package hyperref Warning: Token not allowed in a PDF string (PDFDocEncoding):
(hyperref)                removing `\uppercase' on input line 1.


Package hyperref Warning: Token not allowed in a PDF string (PDFDocEncoding):
(hyperref)                removing `math shift' on input line 1.


Package hyperref Warning: Token not allowed in a PDF string (PDFDocEncoding):
(hyperref)                removing `\mskip' on input line 1.


Package hyperref Warning: Token not allowed in a PDF string (PDFDocEncoding):
(hyperref)                removing `\thinmuskip' on input line 1.


Package hyperref Warning: Token not allowed in a PDF string (PDFDocEncoding):
(hyperref)                removing `math shift' on input line 1.

)
+-------------------------------------------------------------------+
| Comentario, sugestao ou critica sobre o abnTeX? Entre em contato: |
|                  http://abntex.codigolivre.org.br                 |
+-------------------------------------------------------------------+
runsystem(rm "index.pyg")...executed.

runsystem(rm "index.out.pyg")...executed.

Package atveryend Info: Empty hook `BeforeClearDocument' on input line 15.
Package atveryend Info: Empty hook `AfterLastShipout' on input line 15.
(./index.aux)
Package atveryend Info: Executing hook `AtVeryEndDocument' on input line 15.
Package atveryend Info: Executing hook `AtEndAfterFileList' on input line 15.
Package rerunfilecheck Info: File `index.out' has not changed.
(rerunfilecheck)             Checksum: 244CDF1B4704290C3C717A0A3AA7C534;1678.


LaTeX Warning: There were undefined references.

Package atveryend Info: Empty hook `AtVeryVeryEnd' on input line 15.
 ) 
Here is how much of TeX's memory you used:
 10691 strings out of 493014
 168351 string characters out of 6133351
 306332 words of memory out of 5000000
 13776 multiletter control sequences out of 15000+600000
 13556 words of font info for 38 fonts, out of 8000000 for 9000
 1141 hyphenation exceptions out of 8191
 43i,12n,32p,1066b,497s stack positions out of 5000i,500n,10000p,200000b,80000s
{/usr/local/texlive/2016/texmf-dist/fonts/enc/dvips/cm-super/cm-super-t1.enc}</usr/local/texlive/2016/texmf-dist/fonts/type1/public/amsfonts/cm/cmsy10.pfb></usr/local/texlive/2016/texmf-dist/fonts/type1/public/cm-super/sfbx1000.pfb></usr/local/texlive/2016/texmf-dist/fonts/type1/public/cm-super/sfit1000.pfb></usr/local/texlive/2016/texmf-dist/fonts/type1/public/cm-super/sfrm0600.pfb></usr/local/texlive/2016/texmf-dist/fonts/type1/public/cm-super/sfrm0700.pfb></usr/local/texlive/2016/texmf-dist/fonts/type1/public/cm-super/sfrm0800.pfb></usr/local/texlive/2016/texmf-dist/fonts/type1/public/cm-super/sfrm0900.pfb></usr/local/texlive/2016/texmf-dist/fonts/type1/public/cm-super/sfrm1000.pfb></usr/local/texlive/2016/texmf-dist/fonts/type1/public/cm-super/sftt1000.pfb>
Output written on index.pdf (52 pages, 432239 bytes).
PDF statistics:
 458 PDF objects out of 1000 (max. 8388607)
 383 compressed objects within 4 object streams
 90 named destinations out of 1000 (max. 500000)
 218 words of extra memory for PDF output out of 10000 (max. 10000000)

