\BOOKMARK [0][-]{chapter.1}{Fundamentos}{}% 1
\BOOKMARK [1][-]{section.1.1}{Serializa\347\343o de Dados}{chapter.1}% 2
\BOOKMARK [2][-]{subsection.1.1.1}{Especifica\347\343o}{section.1.1}% 3
\BOOKMARK [2][-]{subsection.1.1.2}{Codifica\347\343o}{section.1.1}% 4
\BOOKMARK [2][-]{subsection.1.1.3}{Human-Readable}{section.1.1}% 5
\BOOKMARK [2][-]{subsection.1.1.4}{Esquema/IDL}{section.1.1}% 6
\BOOKMARK [1][-]{section.1.2}{JSON}{chapter.1}% 7
\BOOKMARK [2][-]{subsection.1.2.1}{JSON Schema}{section.1.2}% 8
\BOOKMARK [1][-]{section.1.3}{REST}{chapter.1}% 9
\BOOKMARK [2][-]{subsection.1.3.1}{Restri\347\365es de Arquitetura}{section.1.3}% 10
\BOOKMARK [3][-]{subsubsection.1.3.1.1}{Cliente-Servidor}{subsection.1.3.1}% 11
\BOOKMARK [3][-]{subsubsection.1.3.1.2}{Sem Estado}{subsection.1.3.1}% 12
\BOOKMARK [3][-]{subsubsection.1.3.1.3}{Interface Uniforme}{subsection.1.3.1}% 13
\BOOKMARK [3][-]{subsubsection.1.3.1.4}{Separa\347\343o em Camadas}{subsection.1.3.1}% 14
\BOOKMARK [3][-]{subsubsection.1.3.1.5}{C\363digo sob Demanda}{subsection.1.3.1}% 15
\BOOKMARK [3][-]{subsubsection.1.3.1.6}{Cache}{subsection.1.3.1}% 16
\BOOKMARK [2][-]{subsection.1.3.2}{RESTful}{section.1.3}% 17
\BOOKMARK [2][-]{subsection.1.3.3}{Descri\347\365es de API}{section.1.3}% 18
\BOOKMARK [1][-]{section.1.4}{GraphQL}{chapter.1}% 19
\BOOKMARK [2][-]{subsection.1.4.1}{Linguagem de Consulta}{section.1.4}% 20
\BOOKMARK [2][-]{subsection.1.4.2}{Sistema de Tipagem}{section.1.4}% 21
\BOOKMARK [2][-]{subsection.1.4.3}{Instrospec\347\343o}{section.1.4}% 22
